<?xml version="1.0" encoding="UTF-8"?>
<testng-results ignored="0" total="1" passed="1" failed="0" skipped="0">
  <reporter-output>
  </reporter-output>
  <suite started-at="2020-06-02T10:40:19 IST" name="Suite" finished-at="2020-06-02T10:40:27 IST" duration-ms="8732">
    <groups>
    </groups>
    <test started-at="2020-06-02T10:40:19 IST" name="Test" finished-at="2020-06-02T10:40:27 IST" duration-ms="8732">
      <class name="Tests.LoginTest">
        <test-method signature="loginToApp()[pri:0, instance:Tests.LoginTest@4562e04d]" started-at="2020-06-02T10:40:19 IST" name="loginToApp" finished-at="2020-06-02T10:40:27 IST" duration-ms="8633" status="PASS">
          <reporter-output>
          </reporter-output>
        </test-method> <!-- loginToApp -->
      </class> <!-- Tests.LoginTest -->
    </test> <!-- Test -->
  </suite> <!-- Suite -->
</testng-results>
